<?xml version="1.0" encoding="UTF-8"?>
<testsuite name="testngTest1"
           tests="3"
           failures="1"
           errors="0"
           skipped="2"
           time="-1569102241.338">
  <properties />
            <testcase name="setUp" time="1.282" classname="base.BaseTest">
                <failure type="java.lang.NoSuchMethodError"
                  message="com.google.common.base.Preconditions.checkState(ZLjava/lang/String;Ljava/lang/Object;Ljava/lang/Object;Ljava/lang/Object;)V"
              >
<![CDATA[java.lang.NoSuchMethodError: com.google.common.base.Preconditions.checkState(ZLjava/lang/String;Ljava/lang/Object;Ljava/lang/Object;Ljava/lang/Object;)V
  org.openqa.selenium.remote.service.DriverService.findExecutable(DriverService.java:135)
  org.openqa.selenium.chrome.ChromeDriverService.access$000(ChromeDriverService.java:35)
  org.openqa.selenium.chrome.ChromeDriverService$Builder.findDefaultExecutable(ChromeDriverService.java:177)
  org.openqa.selenium.remote.service.DriverService$Builder.build(DriverService.java:363)
  org.openqa.selenium.chrome.ChromeDriverService.createDefaultService(ChromeDriverService.java:100)
  org.openqa.selenium.chrome.ChromeDriver.<init>(ChromeDriver.java:105)
  base.BasePage.setUp(BasePage.java:53)
  sun.reflect.NativeMethodAccessorImpl.invoke0(Native Method)
  sun.reflect.NativeMethodAccessorImpl.invoke(NativeMethodAccessorImpl.java:62)
  sun.reflect.DelegatingMethodAccessorImpl.invoke(DelegatingMethodAccessorImpl.java:43)
  java.lang.reflect.Method.invoke(Method.java:498)
  org.testng.internal.MethodInvocationHelper.invokeMethod(MethodInvocationHelper.java:133)
  org.testng.internal.MethodInvocationHelper.invokeMethodConsideringTimeout(MethodInvocationHelper.java:62)
  org.testng.internal.ConfigInvoker.invokeConfigurationMethod(ConfigInvoker.java:340)
  org.testng.internal.ConfigInvoker.invokeConfigurations(ConfigInvoker.java:294)
  org.testng.SuiteRunner.privateRun(SuiteRunner.java:345)
  org.testng.SuiteRunner.run(SuiteRunner.java:304)
  org.testng.SuiteRunnerWorker.runSuite(SuiteRunnerWorker.java:53)
  org.testng.SuiteRunnerWorker.run(SuiteRunnerWorker.java:96)
  org.testng.TestNG.runSuitesSequentially(TestNG.java:1180)
  org.testng.TestNG.runSuitesLocally(TestNG.java:1102)
  org.testng.TestNG.runSuites(TestNG.java:1032)
  org.testng.TestNG.run(TestNG.java:1000)
  org.testng.IDEARemoteTestNG.run(IDEARemoteTestNG.java:73)
  org.testng.RemoteTestNGStarter.main(RemoteTestNGStarter.java:123)
]]>
      </failure>

          </testcase>
  
            <testcase name="tearDown" time="0.0" classname="base.BaseTest">
          <skipped />
    </testcase>
            <testcase name="LoginAsBankManger" time="0.0" classname="base.BaseTest">
          <skipped />
    </testcase>
  
  
</testsuite>
