<?xml version="1.0" encoding="UTF-8"?>
<testsuite name="testngTest1"
           tests="2"
           failures="1"
           errors="0"
           skipped="0"
           time="12.353">
  <properties />
            <testcase name="tearDown" time="5.115" classname="main.java.base.BaseTest">
                <failure type="org.openqa.selenium.remote.UnreachableBrowserException"
                  message="Error communicating with the remote browser. It may have died.
Build info: version: &apos;4.0.0-alpha-3&apos;, revision: &apos;8c567de6dc&apos;
System info: host: &apos;DDC2-D-CGLVXC2&apos;, ip: &apos;10.244.15.191&apos;, os.name: &apos;Windows 10&apos;, os.arch: &apos;amd64&apos;, os.version: &apos;10.0&apos;, java.version: &apos;1.8.0_212&apos;
Driver info: driver.version: ChromiumDriver
Capabilities {acceptInsecureCerts: false, browserName: chrome, browserVersion: 78.0.3904.97, chrome: {chromedriverVersion: 78.0.3904.70 (edb9c9f3de024..., userDataDir: C:\Users\RAHULB~1.GAU\AppDa...}, goog:chromeOptions: {debuggerAddress: localhost:53799}, javascriptEnabled: true, networkConnectionEnabled: false, pageLoadStrategy: normal, platform: XP, platformName: XP, proxy: Proxy(), setWindowRect: true, strictFileInteractability: false, timeouts: {implicit: 0, pageLoad: 300000, script: 30000}, unhandledPromptBehavior: dismiss and notify}
Session ID: 02a1f1595d8767a6f9d670db305e4cd2"
              >
<![CDATA[org.openqa.selenium.remote.UnreachableBrowserException: Error communicating with the remote browser. It may have died.
Build info: version: '4.0.0-alpha-3', revision: '8c567de6dc'
System info: host: 'DDC2-D-CGLVXC2', ip: '10.244.15.191', os.name: 'Windows 10', os.arch: 'amd64', os.version: '10.0', java.version: '1.8.0_212'
Driver info: driver.version: ChromiumDriver
Capabilities {acceptInsecureCerts: false, browserName: chrome, browserVersion: 78.0.3904.97, chrome: {chromedriverVersion: 78.0.3904.70 (edb9c9f3de024..., userDataDir: C:\Users\RAHULB~1.GAU\AppDa...}, goog:chromeOptions: {debuggerAddress: localhost:53799}, javascriptEnabled: true, networkConnectionEnabled: false, pageLoadStrategy: normal, platform: XP, platformName: XP, proxy: Proxy(), setWindowRect: true, strictFileInteractability: false, timeouts: {implicit: 0, pageLoad: 300000, script: 30000}, unhandledPromptBehavior: dismiss and notify}
Session ID: 02a1f1595d8767a6f9d670db305e4cd2
  org.openqa.selenium.remote.RemoteWebDriver.execute(RemoteWebDriver.java:597)
  org.openqa.selenium.remote.RemoteWebDriver.execute(RemoteWebDriver.java:633)
  org.openqa.selenium.remote.RemoteWebDriver.execute(RemoteWebDriver.java:637)
  org.openqa.selenium.remote.RemoteWebDriver.quit(RemoteWebDriver.java:473)
  org.openqa.selenium.chromium.ChromiumDriver.quit(ChromiumDriver.java:193)
  main.java.base.BasePage.tearDown(BasePage.java:96)
  sun.reflect.NativeMethodAccessorImpl.invoke0(Native Method)
  sun.reflect.NativeMethodAccessorImpl.invoke(NativeMethodAccessorImpl.java:62)
  sun.reflect.DelegatingMethodAccessorImpl.invoke(DelegatingMethodAccessorImpl.java:43)
  java.lang.reflect.Method.invoke(Method.java:498)
  org.testng.internal.MethodInvocationHelper.invokeMethod(MethodInvocationHelper.java:133)
  org.testng.internal.MethodInvocationHelper.invokeMethodConsideringTimeout(MethodInvocationHelper.java:62)
  org.testng.internal.ConfigInvoker.invokeConfigurationMethod(ConfigInvoker.java:340)
  org.testng.internal.ConfigInvoker.invokeConfigurations(ConfigInvoker.java:294)
  org.testng.SuiteRunner.privateRun(SuiteRunner.java:369)
  org.testng.SuiteRunner.run(SuiteRunner.java:304)
  org.testng.SuiteRunnerWorker.runSuite(SuiteRunnerWorker.java:53)
  org.testng.SuiteRunnerWorker.run(SuiteRunnerWorker.java:96)
  org.testng.TestNG.runSuitesSequentially(TestNG.java:1180)
  org.testng.TestNG.runSuitesLocally(TestNG.java:1102)
  org.testng.TestNG.runSuites(TestNG.java:1032)
  org.testng.TestNG.run(TestNG.java:1000)
  org.testng.IDEARemoteTestNG.run(IDEARemoteTestNG.java:73)
  org.testng.RemoteTestNGStarter.main(RemoteTestNGStarter.java:123)
Caused by: java.io.UncheckedIOException: java.net.ConnectException: Failed to connect to localhost/0:0:0:0:0:0:0:1:3038
  org.openqa.selenium.remote.http.okhttp.OkHandler.makeCall(OkHandler.java:63)
  org.openqa.selenium.remote.http.AddSeleniumUserAgent.lambda$apply$0(AddSeleniumUserAgent.java:42)
  org.openqa.selenium.remote.http.Filter.lambda$andFinally$1(Filter.java:55)
  org.openqa.selenium.remote.http.okhttp.OkHandler.execute(OkHandler.java:52)
  org.openqa.selenium.remote.http.AddSeleniumUserAgent.lambda$apply$0(AddSeleniumUserAgent.java:42)
  org.openqa.selenium.remote.http.Filter.lambda$andFinally$1(Filter.java:55)
  org.openqa.selenium.remote.http.okhttp.OkHttpClient.execute(OkHttpClient.java:45)
  org.openqa.selenium.remote.HttpCommandExecutor.execute(HttpCommandExecutor.java:158)
  org.openqa.selenium.remote.service.DriverCommandExecutor.execute(DriverCommandExecutor.java:83)
  org.openqa.selenium.remote.RemoteWebDriver.execute(RemoteWebDriver.java:576)
  org.openqa.selenium.remote.RemoteWebDriver.execute(RemoteWebDriver.java:633)
  org.openqa.selenium.remote.RemoteWebDriver.execute(RemoteWebDriver.java:637)
  org.openqa.selenium.remote.RemoteWebDriver.quit(RemoteWebDriver.java:473)
  org.openqa.selenium.chromium.ChromiumDriver.quit(ChromiumDriver.java:193)
  main.java.base.BasePage.tearDown(BasePage.java:96)
  sun.reflect.NativeMethodAccessorImpl.invoke0(Native Method)
  sun.reflect.NativeMethodAccessorImpl.invoke(NativeMethodAccessorImpl.java:62)
  sun.reflect.DelegatingMethodAccessorImpl.invoke(DelegatingMethodAccessorImpl.java:43)
  java.lang.reflect.Method.invoke(Method.java:498)
  org.testng.internal.MethodInvocationHelper.invokeMethod(MethodInvocationHelper.java:133)
  org.testng.internal.MethodInvocationHelper.invokeMethodConsideringTimeout(MethodInvocationHelper.java:62)
  org.testng.internal.ConfigInvoker.invokeConfigurationMethod(ConfigInvoker.java:340)
  org.testng.internal.ConfigInvoker.invokeConfigurations(ConfigInvoker.java:294)
  org.testng.SuiteRunner.privateRun(SuiteRunner.java:369)
  org.testng.SuiteRunner.run(SuiteRunner.java:304)
  org.testng.SuiteRunnerWorker.runSuite(SuiteRunnerWorker.java:53)
  org.testng.SuiteRunnerWorker.run(SuiteRunnerWorker.java:96)
  org.testng.TestNG.runSuitesSequentially(TestNG.java:1180)
  org.testng.TestNG.runSuitesLocally(TestNG.java:1102)
  org.testng.TestNG.runSuites(TestNG.java:1032)
  org.testng.TestNG.run(TestNG.java:1000)
  org.testng.IDEARemoteTestNG.run(IDEARemoteTestNG.java:73)
  org.testng.RemoteTestNGStarter.main(RemoteTestNGStarter.java:123)
Caused by: java.net.ConnectException: Failed to connect to localhost/0:0:0:0:0:0:0:1:3038
  okhttp3.internal.connection.RealConnection.connectSocket(RealConnection.kt:270)
  okhttp3.internal.connection.RealConnection.connect(RealConnection.kt:176)
  okhttp3.internal.connection.ExchangeFinder.findConnection(ExchangeFinder.kt:236)
  okhttp3.internal.connection.ExchangeFinder.findHealthyConnection(ExchangeFinder.kt:109)
  okhttp3.internal.connection.ExchangeFinder.find(ExchangeFinder.kt:77)
  okhttp3.internal.connection.Transmitter.newExchange$okhttp(Transmitter.kt:162)
  okhttp3.internal.connection.ConnectInterceptor.intercept(ConnectInterceptor.kt:35)
  okhttp3.internal.http.RealInterceptorChain.proceed(RealInterceptorChain.kt:112)
  okhttp3.internal.http.RealInterceptorChain.proceed(RealInterceptorChain.kt:87)
  okhttp3.internal.cache.CacheInterceptor.intercept(CacheInterceptor.kt:82)
  okhttp3.internal.http.RealInterceptorChain.proceed(RealInterceptorChain.kt:112)
  okhttp3.internal.http.RealInterceptorChain.proceed(RealInterceptorChain.kt:87)
  okhttp3.internal.http.BridgeInterceptor.intercept(BridgeInterceptor.kt:84)
  okhttp3.internal.http.RealInterceptorChain.proceed(RealInterceptorChain.kt:112)
  okhttp3.internal.http.RetryAndFollowUpInterceptor.intercept(RetryAndFollowUpInterceptor.kt:71)
  okhttp3.internal.http.RealInterceptorChain.proceed(RealInterceptorChain.kt:112)
  okhttp3.internal.http.RealInterceptorChain.proceed(RealInterceptorChain.kt:87)
  okhttp3.RealCall.getResponseWithInterceptorChain(RealCall.kt:184)
  okhttp3.RealCall.execute(RealCall.kt:66)
  org.openqa.selenium.remote.http.okhttp.OkHandler.makeCall(OkHandler.java:60)
  org.openqa.selenium.remote.http.AddSeleniumUserAgent.lambda$apply$0(AddSeleniumUserAgent.java:42)
  org.openqa.selenium.remote.http.Filter.lambda$andFinally$1(Filter.java:55)
  org.openqa.selenium.remote.http.okhttp.OkHandler.execute(OkHandler.java:52)
  org.openqa.selenium.remote.http.AddSeleniumUserAgent.lambda$apply$0(AddSeleniumUserAgent.java:42)
  org.openqa.selenium.remote.http.Filter.lambda$andFinally$1(Filter.java:55)
  org.openqa.selenium.remote.http.okhttp.OkHttpClient.execute(OkHttpClient.java:45)
  org.openqa.selenium.remote.HttpCommandExecutor.execute(HttpCommandExecutor.java:158)
  org.openqa.selenium.remote.service.DriverCommandExecutor.execute(DriverCommandExecutor.java:83)
  org.openqa.selenium.remote.RemoteWebDriver.execute(RemoteWebDriver.java:576)
  org.openqa.selenium.remote.RemoteWebDriver.execute(RemoteWebDriver.java:633)
  org.openqa.selenium.remote.RemoteWebDriver.execute(RemoteWebDriver.java:637)
  org.openqa.selenium.remote.RemoteWebDriver.quit(RemoteWebDriver.java:473)
  org.openqa.selenium.chromium.ChromiumDriver.quit(ChromiumDriver.java:193)
  main.java.base.BasePage.tearDown(BasePage.java:96)
  sun.reflect.NativeMethodAccessorImpl.invoke0(Native Method)
  sun.reflect.NativeMethodAccessorImpl.invoke(NativeMethodAccessorImpl.java:62)
  sun.reflect.DelegatingMethodAccessorImpl.invoke(DelegatingMethodAccessorImpl.java:43)
  java.lang.reflect.Method.invoke(Method.java:498)
  org.testng.internal.MethodInvocationHelper.invokeMethod(MethodInvocationHelper.java:133)
  org.testng.internal.MethodInvocationHelper.invokeMethodConsideringTimeout(MethodInvocationHelper.java:62)
  org.testng.internal.ConfigInvoker.invokeConfigurationMethod(ConfigInvoker.java:340)
  org.testng.internal.ConfigInvoker.invokeConfigurations(ConfigInvoker.java:294)
  org.testng.SuiteRunner.privateRun(SuiteRunner.java:369)
  org.testng.SuiteRunner.run(SuiteRunner.java:304)
  org.testng.SuiteRunnerWorker.runSuite(SuiteRunnerWorker.java:53)
  org.testng.SuiteRunnerWorker.run(SuiteRunnerWorker.java:96)
  org.testng.TestNG.runSuitesSequentially(TestNG.java:1180)
  org.testng.TestNG.runSuitesLocally(TestNG.java:1102)
  org.testng.TestNG.runSuites(TestNG.java:1032)
  org.testng.TestNG.run(TestNG.java:1000)
  org.testng.IDEARemoteTestNG.run(IDEARemoteTestNG.java:73)
  org.testng.RemoteTestNGStarter.main(RemoteTestNGStarter.java:123)
Caused by: java.net.ConnectException: Connection refused: connect
  java.net.DualStackPlainSocketImpl.waitForConnect(Native Method)
  java.net.DualStackPlainSocketImpl.socketConnect(DualStackPlainSocketImpl.java:85)
  java.net.AbstractPlainSocketImpl.doConnect(AbstractPlainSocketImpl.java:350)
  java.net.AbstractPlainSocketImpl.connectToAddress(AbstractPlainSocketImpl.java:206)
  java.net.AbstractPlainSocketImpl.connect(AbstractPlainSocketImpl.java:188)
  java.net.PlainSocketImpl.connect(PlainSocketImpl.java:172)
  java.net.SocksSocketImpl.connect(SocksSocketImpl.java:392)
  java.net.Socket.connect(Socket.java:589)
  okhttp3.internal.platform.Platform.connectSocket(Platform.kt:126)
  okhttp3.internal.connection.RealConnection.connectSocket(RealConnection.kt:268)
  okhttp3.internal.connection.RealConnection.connect(RealConnection.kt:176)
  okhttp3.internal.connection.ExchangeFinder.findConnection(ExchangeFinder.kt:236)
  okhttp3.internal.connection.ExchangeFinder.findHealthyConnection(ExchangeFinder.kt:109)
  okhttp3.internal.connection.ExchangeFinder.find(ExchangeFinder.kt:77)
  okhttp3.internal.connection.Transmitter.newExchange$okhttp(Transmitter.kt:162)
  okhttp3.internal.connection.ConnectInterceptor.intercept(ConnectInterceptor.kt:35)
  okhttp3.internal.http.RealInterceptorChain.proceed(RealInterceptorChain.kt:112)
  okhttp3.internal.http.RealInterceptorChain.proceed(RealInterceptorChain.kt:87)
  okhttp3.internal.cache.CacheInterceptor.intercept(CacheInterceptor.kt:82)
  okhttp3.internal.http.RealInterceptorChain.proceed(RealInterceptorChain.kt:112)
  okhttp3.internal.http.RealInterceptorChain.proceed(RealInterceptorChain.kt:87)
  okhttp3.internal.http.BridgeInterceptor.intercept(BridgeInterceptor.kt:84)
  okhttp3.internal.http.RealInterceptorChain.proceed(RealInterceptorChain.kt:112)
  okhttp3.internal.http.RetryAndFollowUpInterceptor.intercept(RetryAndFollowUpInterceptor.kt:71)
  okhttp3.internal.http.RealInterceptorChain.proceed(RealInterceptorChain.kt:112)
  okhttp3.internal.http.RealInterceptorChain.proceed(RealInterceptorChain.kt:87)
  okhttp3.RealCall.getResponseWithInterceptorChain(RealCall.kt:184)
  okhttp3.RealCall.execute(RealCall.kt:66)
  org.openqa.selenium.remote.http.okhttp.OkHandler.makeCall(OkHandler.java:60)
  org.openqa.selenium.remote.http.AddSeleniumUserAgent.lambda$apply$0(AddSeleniumUserAgent.java:42)
  org.openqa.selenium.remote.http.Filter.lambda$andFinally$1(Filter.java:55)
  org.openqa.selenium.remote.http.okhttp.OkHandler.execute(OkHandler.java:52)
  org.openqa.selenium.remote.http.AddSeleniumUserAgent.lambda$apply$0(AddSeleniumUserAgent.java:42)
  org.openqa.selenium.remote.http.Filter.lambda$andFinally$1(Filter.java:55)
  org.openqa.selenium.remote.http.okhttp.OkHttpClient.execute(OkHttpClient.java:45)
  org.openqa.selenium.remote.HttpCommandExecutor.execute(HttpCommandExecutor.java:158)
  org.openqa.selenium.remote.service.DriverCommandExecutor.execute(DriverCommandExecutor.java:83)
  org.openqa.selenium.remote.RemoteWebDriver.execute(RemoteWebDriver.java:576)
  org.openqa.selenium.remote.RemoteWebDriver.execute(RemoteWebDriver.java:633)
  org.openqa.selenium.remote.RemoteWebDriver.execute(RemoteWebDriver.java:637)
  org.openqa.selenium.remote.RemoteWebDriver.quit(RemoteWebDriver.java:473)
  org.openqa.selenium.chromium.ChromiumDriver.quit(ChromiumDriver.java:193)
  main.java.base.BasePage.tearDown(BasePage.java:96)
  sun.reflect.NativeMethodAccessorImpl.invoke0(Native Method)
  sun.reflect.NativeMethodAccessorImpl.invoke(NativeMethodAccessorImpl.java:62)
  sun.reflect.DelegatingMethodAccessorImpl.invoke(DelegatingMethodAccessorImpl.java:43)
  java.lang.reflect.Method.invoke(Method.java:498)
  org.testng.internal.MethodInvocationHelper.invokeMethod(MethodInvocationHelper.java:133)
  org.testng.internal.MethodInvocationHelper.invokeMethodConsideringTimeout(MethodInvocationHelper.java:62)
  org.testng.internal.ConfigInvoker.invokeConfigurationMethod(ConfigInvoker.java:340)
  org.testng.internal.ConfigInvoker.invokeConfigurations(ConfigInvoker.java:294)
  org.testng.SuiteRunner.privateRun(SuiteRunner.java:369)
  org.testng.SuiteRunner.run(SuiteRunner.java:304)
  org.testng.SuiteRunnerWorker.runSuite(SuiteRunnerWorker.java:53)
  org.testng.SuiteRunnerWorker.run(SuiteRunnerWorker.java:96)
  org.testng.TestNG.runSuitesSequentially(TestNG.java:1180)
  org.testng.TestNG.runSuitesLocally(TestNG.java:1102)
  org.testng.TestNG.runSuites(TestNG.java:1032)
  org.testng.TestNG.run(TestNG.java:1000)
  org.testng.IDEARemoteTestNG.run(IDEARemoteTestNG.java:73)
  org.testng.RemoteTestNGStarter.main(RemoteTestNGStarter.java:123)
]]>
      </failure>

          </testcase>
  
  
            <testcase name="LoginAsBankManger" time="7.238" classname="main.java.base.BaseTest" />
      
</testsuite>
