<?xml version="1.0" encoding="UTF-8"?>
<testng-results skipped="0" failed="0" ignored="0" total="1" passed="1">
  <reporter-output>
  </reporter-output>
  <suite name="DataDriverFrameWork" duration-ms="949" started-at="2019-09-22T03:24:15 IST" finished-at="2019-09-22T03:24:16 IST">
    <groups>
    </groups>
    <test name="testngTest1" duration-ms="949" started-at="2019-09-22T03:24:15 IST" finished-at="2019-09-22T03:24:16 IST">
      <class name="main.java.base.BaseTest">
        <test-method status="PASS" signature="setUp()[pri:0, instance:main.java.base.BaseTest@4493d195]" name="setUp" is-config="true" duration-ms="25495" started-at="2019-09-22T03:23:50 IST" finished-at="2019-09-22T03:24:15 IST">
          <reporter-output>
          </reporter-output>
        </test-method> <!-- setUp -->
        <test-method status="PASS" signature="LoginAsBankManger()[pri:0, instance:main.java.base.BaseTest@4493d195]" name="LoginAsBankManger" duration-ms="900" started-at="2019-09-22T03:24:15 IST" finished-at="2019-09-22T03:24:16 IST">
          <reporter-output>
          </reporter-output>
        </test-method> <!-- LoginAsBankManger -->
        <test-method status="PASS" signature="tearDown()[pri:0, instance:main.java.base.BaseTest@4493d195]" name="tearDown" is-config="true" duration-ms="947" started-at="2019-09-22T03:24:16 IST" finished-at="2019-09-22T03:24:17 IST">
          <reporter-output>
          </reporter-output>
        </test-method> <!-- tearDown -->
      </class> <!-- main.java.base.BaseTest -->
    </test> <!-- testngTest1 -->
  </suite> <!-- DataDriverFrameWork -->
</testng-results>
